\BOOKMARK [0][-]{chapter.1}{\376\377\000I\000n\000t\000r\000o\000d\000u\000c\000t\000i\000o\000n}{}% 1
\BOOKMARK [1][-]{section.1.1}{\376\377\000B\000a\000c\000k\000g\000r\000o\000u\000n\000d}{chapter.1}% 2
\BOOKMARK [1][-]{section.1.2}{\376\377\000P\000r\000o\000b\000l\000e\000m}{chapter.1}% 3
\BOOKMARK [2][-]{subsection.1.2.1}{\376\377\000O\000r\000i\000g\000i\000n\000a\000l\000\040\000p\000r\000o\000b\000l\000e\000m\000\040\000a\000n\000d\000\040\000d\000e\000f\000i\000n\000i\000t\000i\000o\000n}{section.1.2}% 4
\BOOKMARK [2][-]{subsection.1.2.2}{\376\377\000S\000c\000i\000e\000n\000t\000i\000f\000i\000c\000\040\000a\000n\000d\000\040\000e\000n\000g\000i\000n\000e\000e\000r\000i\000n\000g\000\040\000i\000s\000s\000u\000e\000s}{section.1.2}% 5
\BOOKMARK [0][-]{chapter.2}{\376\377\000B\000a\000c\000k\000g\000r\000o\000u\000n\000d}{}% 6
\BOOKMARK [1][-]{section.2.1}{\376\377\000M\000a\000j\000o\000r\000\040\000b\000a\000c\000k\000g\000r\000o\000u\000n\000d\000\040\000a\000r\000e\000a\000\040\0001}{chapter.2}% 7
\BOOKMARK [2][-]{subsection.2.1.1}{\376\377\000S\000u\000b\000a\000r\000e\000a\000\040\0001\000.\0001}{section.2.1}% 8
\BOOKMARK [2][-]{subsection.2.1.2}{\376\377\000S\000u\000b\000a\000r\000e\000a\000\040\0001\000.\0001\000.\0002}{section.2.1}% 9
\BOOKMARK [2][-]{subsection.2.1.3}{\376\377\000S\000u\000b\000a\000r\000e\000a\000\040\0001\000.\0001\000.\0002}{section.2.1}% 10
\BOOKMARK [2][-]{subsection.2.1.4}{\376\377\000L\000i\000n\000k\000\040\000l\000a\000y\000e\000r\000\040\000E\000n\000c\000a\000p\000s\000u\000l\000a\000t\000i\000o\000n}{section.2.1}% 11
\BOOKMARK [2][-]{subsection.2.1.5}{\376\377\000I\000P\000\040\000p\000a\000c\000k\000e\000t\000\040\000h\000e\000a\000d\000e\000r\000s}{section.2.1}% 12
\BOOKMARK [2][-]{subsection.2.1.6}{\376\377\000T\000e\000s\000t\000\040\000f\000o\000r\000\040\000a\000c\000c\000e\000s\000s\000i\000b\000i\000l\000i\000t\000y\000\040\000o\000f\000\040\000f\000o\000r\000m\000u\000l\000a\000s}{section.2.1}% 13
\BOOKMARK [1][-]{section.2.2}{\376\377\000M\000a\000j\000o\000r\000\040\000b\000a\000c\000k\000g\000r\000o\000u\000n\000d\000\040\000a\000r\000e\000a\000\040\0002}{chapter.2}% 14
\BOOKMARK [2][-]{subsection.2.2.1}{\376\377\000W\000L\000A\000N\000\040\000S\000e\000c\000u\000r\000i\000t\000y}{section.2.2}% 15
\BOOKMARK [2][-]{subsection.2.2.2}{\376\377\000N\000e\000t\000w\000o\000r\000k\000\040\000l\000a\000y\000e\000r\000\040\000s\000e\000c\000u\000r\000i\000t\000y}{section.2.2}% 16
\BOOKMARK [1][-]{section.2.3}{\376\377\000R\000e\000l\000a\000t\000e\000d\000\040\000w\000o\000r\000k\000\040\000a\000r\000e\000a}{chapter.2}% 17
\BOOKMARK [2][-]{subsection.2.3.1}{\376\377\000M\000a\000j\000o\000r\000\040\000r\000e\000l\000a\000t\000e\000d\000\040\000w\000o\000r\000k\000\040\0001}{section.2.3}% 18
\BOOKMARK [2][-]{subsection.2.3.2}{\376\377\000M\000a\000j\000o\000r\000\040\000r\000e\000l\000a\000t\000e\000d\000\040\000w\000o\000r\000k\000\040\000n}{section.2.3}% 19
\BOOKMARK [2][-]{subsection.2.3.3}{\376\377\000M\000i\000n\000o\000r\000\040\000r\000e\000l\000a\000t\000e\000d\000\040\000w\000o\000r\000k\000\040\0001}{section.2.3}% 20
\BOOKMARK [2][-]{subsection.2.3.4}{\376\377\000M\000i\000n\000o\000r\000\040\000r\000e\000l\000a\000t\000e\000d\000\040\000w\000o\000r\000k\000\040\000n}{section.2.3}% 21
\BOOKMARK [1][-]{section.2.4}{\376\377\000S\000u\000m\000m\000a\000r\000y}{chapter.2}% 22
\BOOKMARK [0][-]{chapter.3}{\376\377\000M\000e\000t\000h\000o\000d\000\040\000o\000r\000\040\000M\000e\000t\000h\000o\000d\000s}{}% 23
\BOOKMARK [1][-]{section.3.1}{\376\377\000R\000e\000s\000e\000a\000r\000c\000h\000\040\000P\000r\000o\000c\000e\000s\000s}{chapter.3}% 24
\BOOKMARK [1][-]{section.3.2}{\376\377\000R\000e\000s\000e\000a\000r\000c\000h\000\040\000P\000a\000r\000a\000d\000i\000g\000m}{chapter.3}% 25
\BOOKMARK [1][-]{section.3.3}{\376\377\000D\000a\000t\000a\000\040\000C\000o\000l\000l\000e\000c\000t\000i\000o\000n}{chapter.3}% 26
\BOOKMARK [2][-]{subsection.3.3.1}{\376\377\000S\000a\000m\000p\000l\000i\000n\000g}{section.3.3}% 27
\BOOKMARK [2][-]{subsection.3.3.2}{\376\377\000S\000a\000m\000p\000l\000e\000\040\000S\000i\000z\000e}{section.3.3}% 28
\BOOKMARK [2][-]{subsection.3.3.3}{\376\377\000T\000a\000r\000g\000e\000t\000\040\000P\000o\000p\000u\000l\000a\000t\000i\000o\000n}{section.3.3}% 29
\BOOKMARK [1][-]{section.3.4}{\376\377\000E\000x\000p\000e\000r\000i\000m\000e\000n\000t\000a\000l\000\040\000d\000e\000s\000i\000g\000n\000/\000P\000l\000a\000n\000n\000e\000d\000\040\000M\000e\000a\000s\000u\000r\000e\000m\000e\000n\000t\000s}{chapter.3}% 30
\BOOKMARK [2][-]{subsection.3.4.1}{\376\377\000T\000e\000s\000t\000\040\000e\000n\000v\000i\000r\000o\000n\000m\000e\000n\000t\000/\000t\000e\000s\000t\000\040\000b\000e\000d\000/\000m\000o\000d\000e\000l}{section.3.4}% 31
\BOOKMARK [2][-]{subsection.3.4.2}{\376\377\000H\000a\000r\000d\000w\000a\000r\000e\000/\000S\000o\000f\000t\000w\000a\000r\000e\000\040\000t\000o\000\040\000b\000e\000\040\000u\000s\000e\000d}{section.3.4}% 32
\BOOKMARK [1][-]{section.3.5}{\376\377\000A\000s\000s\000e\000s\000s\000i\000n\000g\000\040\000r\000e\000l\000i\000a\000b\000i\000l\000i\000t\000y\000\040\000a\000n\000d\000\040\000v\000a\000l\000i\000d\000i\000t\000y\000\040\000o\000f\000\040\000t\000h\000e\000\040\000d\000a\000t\000a\000\040\000c\000o\000l\000l\000e\000c\000t\000e\000d}{chapter.3}% 33
\BOOKMARK [2][-]{subsection.3.5.1}{\376\377\000V\000a\000l\000i\000d\000i\000t\000y\000\040\000o\000f\000\040\000m\000e\000t\000h\000o\000d}{section.3.5}% 34
\BOOKMARK [2][-]{subsection.3.5.2}{\376\377\000R\000e\000l\000i\000a\000b\000i\000l\000i\000t\000y\000\040\000o\000f\000\040\000m\000e\000t\000h\000o\000d}{section.3.5}% 35
\BOOKMARK [2][-]{subsection.3.5.3}{\376\377\000D\000a\000t\000a\000\040\000v\000a\000l\000i\000d\000i\000t\000y}{section.3.5}% 36
\BOOKMARK [2][-]{subsection.3.5.4}{\376\377\000R\000e\000l\000i\000a\000b\000i\000l\000i\000t\000y\000\040\000o\000f\000\040\000d\000a\000t\000a}{section.3.5}% 37
\BOOKMARK [1][-]{section.3.6}{\376\377\000P\000l\000a\000n\000n\000e\000d\000\040\000D\000a\000t\000a\000\040\000A\000n\000a\000l\000y\000s\000i\000s}{chapter.3}% 38
\BOOKMARK [2][-]{subsection.3.6.1}{\376\377\000D\000a\000t\000a\000\040\000A\000n\000a\000l\000y\000s\000i\000s\000\040\000T\000e\000c\000h\000n\000i\000q\000u\000e}{section.3.6}% 39
\BOOKMARK [2][-]{subsection.3.6.2}{\376\377\000S\000o\000f\000t\000w\000a\000r\000e\000\040\000T\000o\000o\000l\000s}{section.3.6}% 40
\BOOKMARK [1][-]{section.3.7}{\376\377\000E\000v\000a\000l\000u\000a\000t\000i\000o\000n\000\040\000f\000r\000a\000m\000e\000w\000o\000r\000k}{chapter.3}% 41
\BOOKMARK [1][-]{section.3.8}{\376\377\000S\000y\000s\000t\000e\000m\000\040\000d\000o\000c\000u\000m\000e\000n\000t\000a\000t\000i\000o\000n}{chapter.3}% 42
\BOOKMARK [0][-]{chapter.4}{\376\377\000W\000h\000a\000t\000\040\000y\000o\000u\000\040\000d\000i\000d}{}% 43
\BOOKMARK [1][-]{section.4.1}{\376\377\000H\000a\000r\000d\000w\000a\000r\000e\000/\000S\000o\000f\000t\000w\000a\000r\000e\000\040\000d\000e\000s\000i\000g\000n\000\040\040\046\000/\000M\000o\000d\000e\000l\000/\000S\000i\000m\000u\000l\000a\000t\000i\000o\000n\000\040\000m\000o\000d\000e\000l\000\040\000\046\000\040\000p\000\040\000p\000a\000r\000a\000m\000e\000t\000e\000r\000s\000/\040\046}{chapter.4}% 44
\BOOKMARK [1][-]{section.4.2}{\376\377\000I\000m\000p\000l\000e\000m\000e\000n\000t\000a\000t\000i\000o\000n\000\040\040\046\000/\000M\000o\000d\000e\000l\000i\000n\000g\000/\000S\000i\000m\000u\000l\000a\000t\000i\000o\000n\000/\040\046}{chapter.4}% 45
\BOOKMARK [2][-]{subsection.4.2.1}{\376\377\000S\000o\000m\000e\000\040\000e\000x\000a\000m\000p\000l\000e\000s\000\040\000o\000f\000\040\000c\000o\000d\000i\000n\000g}{section.4.2}% 46
\BOOKMARK [2][-]{subsection.4.2.2}{\376\377\000S\000o\000m\000e\000\040\000e\000x\000a\000m\000p\000l\000e\000s\000\040\000o\000f\000\040\000f\000i\000g\000u\000r\000e\000s\000\040\000i\000n\000\040\000t\000i\000k\000z}{section.4.2}% 47
\BOOKMARK [3][-]{subsubsection.4.2.2.1}{\376\377\000A\000z\000u\000r\000e\000'\000s\000\040\000F\000o\000r\000m\000\040\000R\000e\000c\000o\000g\000n\000i\000z\000e\000r}{subsection.4.2.2}% 48
\BOOKMARK [3][-]{subsubsection.4.2.2.2}{\376\377\000H\000y\000p\000e\000r\000-\000V\000\040\000w\000i\000t\000h\000\040\000C\000o\000n\000t\000a\000i\000n\000e\000r\000s}{subsection.4.2.2}% 49
\BOOKMARK [3][-]{subsubsection.4.2.2.3}{\376\377\000V\000M\000\040\000v\000e\000r\000s\000u\000s\000\040\000C\000o\000n\000t\000a\000i\000n\000e\000r\000s}{subsection.4.2.2}% 50
\BOOKMARK [0][-]{chapter.5}{\376\377\000R\000e\000s\000u\000l\000t\000s\000\040\000a\000n\000d\000\040\000A\000n\000a\000l\000y\000s\000i\000s}{}% 51
\BOOKMARK [1][-]{section.5.1}{\376\377\000M\000a\000j\000o\000r\000\040\000r\000e\000s\000u\000l\000t\000s}{chapter.5}% 52
\BOOKMARK [1][-]{section.5.2}{\376\377\000R\000e\000l\000i\000a\000b\000i\000l\000i\000t\000y\000\040\000A\000n\000a\000l\000y\000s\000i\000s}{chapter.5}% 53
\BOOKMARK [1][-]{section.5.3}{\376\377\000V\000a\000l\000i\000d\000i\000t\000y\000\040\000A\000n\000a\000l\000y\000s\000i\000s}{chapter.5}% 54
\BOOKMARK [0][-]{chapter.6}{\376\377\000D\000i\000s\000c\000u\000s\000s\000i\000o\000n}{}% 55
\BOOKMARK [0][-]{chapter.7}{\376\377\000C\000o\000n\000c\000l\000u\000s\000i\000o\000n\000s\000\040\000a\000n\000d\000\040\000F\000u\000t\000u\000r\000e\000\040\000w\000o\000r\000k}{}% 56
\BOOKMARK [1][-]{section.7.1}{\376\377\000C\000o\000n\000c\000l\000u\000s\000i\000o\000n\000s}{chapter.7}% 57
\BOOKMARK [1][-]{section.7.2}{\376\377\000L\000i\000m\000i\000t\000a\000t\000i\000o\000n\000s}{chapter.7}% 58
\BOOKMARK [1][-]{section.7.3}{\376\377\000F\000u\000t\000u\000r\000e\000\040\000w\000o\000r\000k}{chapter.7}% 59
\BOOKMARK [2][-]{subsection.7.3.1}{\376\377\000W\000h\000a\000t\000\040\000h\000a\000s\000\040\000b\000e\000e\000n\000\040\000l\000e\000f\000t\000\040\000u\000n\000d\000o\000n\000e\000?}{section.7.3}% 60
\BOOKMARK [3][-]{subsubsection.7.3.1.1}{\376\377\000C\000o\000s\000t\000\040\000a\000n\000a\000l\000y\000s\000i\000s}{subsection.7.3.1}% 61
\BOOKMARK [3][-]{subsubsection.7.3.1.2}{\376\377\000S\000e\000c\000u\000r\000i\000t\000y}{subsection.7.3.1}% 62
\BOOKMARK [2][-]{subsection.7.3.2}{\376\377\000N\000e\000x\000t\000\040\000o\000b\000v\000i\000o\000u\000s\000\040\000t\000h\000i\000n\000g\000s\000\040\000t\000o\000\040\000b\000e\000\040\000d\000o\000n\000e}{section.7.3}% 63
\BOOKMARK [1][-]{section.7.4}{\376\377\000R\000e\000f\000l\000e\000c\000t\000i\000o\000n\000s}{chapter.7}% 64
\BOOKMARK [0][-]{section*.113}{\376\377\000R\000e\000f\000e\000r\000e\000n\000c\000e\000s}{}% 65
\BOOKMARK [0][-]{appendix.A}{\376\377\000S\000t\000a\000t\000e\000\040\000o\000f\000\040\000t\000h\000e\000\040\000A\000r\000t}{}% 66
\BOOKMARK [1][-]{section.A.1}{\376\377\000D\000i\000f\000f\000u\000s\000i\000o\000n\000\040\000M\000a\000g\000n\000e\000t\000i\000c\000\040\000R\000e\000s\000o\000n\000a\000n\000c\000e\000\040\000I\000m\000a\000g\000i\000n\000g}{appendix.A}% 67
\BOOKMARK [1][-]{section.A.2}{\376\377\000T\000r\000a\000c\000t\000o\000g\000r\000a\000p\000h\000y}{appendix.A}% 68
\BOOKMARK [2][-]{subsection.A.2.1}{\376\377\000D\000i\000f\000f\000u\000s\000i\000o\000n\000\040\000M\000o\000d\000e\000l\000i\000n\000g}{section.A.2}% 69
\BOOKMARK [2][-]{subsection.A.2.2}{\376\377\000F\000i\000b\000e\000r\000\040\000T\000r\000a\000c\000k\000i\000n\000g\000\040\000M\000e\000t\000h\000o\000d\000s}{section.A.2}% 70
\BOOKMARK [2][-]{subsection.A.2.3}{\376\377\000T\000r\000a\000c\000t\000o\000g\000r\000a\000m\000\040\000F\000i\000l\000t\000e\000r\000i\000n\000g}{section.A.2}% 71
\BOOKMARK [3][-]{subsubsection.A.2.3.1}{\376\377\000E\000x\000p\000l\000a\000i\000n\000a\000b\000i\000l\000i\000t\000y\000\040\000o\000f\000\040\000t\000h\000e\000\040\000d\000i\000f\000f\000u\000s\000i\000o\000n\000\040\000s\000i\000g\000n\000a\000l}{subsection.A.2.3}% 72
\BOOKMARK [3][-]{subsubsection.A.2.3.2}{\376\377\000I\000n\000c\000l\000u\000s\000i\000o\000n\000\040\000a\000n\000d\000\040\000e\000x\000c\000l\000u\000s\000i\000o\000n\000\040\000o\000f\000\040\000r\000e\000g\000i\000o\000n\000s\000\040\000o\000f\000\040\000i\000n\000t\000e\000r\000e\000s\000t}{subsection.A.2.3}% 73
\BOOKMARK [3][-]{subsubsection.A.2.3.3}{\376\377\000S\000t\000r\000e\000a\000m\000l\000i\000n\000e\000\040\000g\000e\000o\000m\000e\000t\000r\000y\000\040\000a\000n\000d\000\040\000s\000h\000a\000p\000e}{subsection.A.2.3}% 74
\BOOKMARK [3][-]{subsubsection.A.2.3.4}{\376\377\000S\000t\000r\000e\000a\000m\000l\000i\000n\000e\000\040\000s\000i\000m\000i\000l\000a\000r\000i\000t\000y\000\040\000a\000n\000d\000\040\000c\000l\000u\000s\000t\000e\000r\000i\000n\000g}{subsection.A.2.3}% 75
\BOOKMARK [1][-]{section.A.3}{\376\377\000D\000e\000e\000p\000\040\000L\000e\000a\000r\000n\000i\000n\000g\000\040\000M\000e\000t\000h\000o\000d\000s}{appendix.A}% 76
\BOOKMARK [2][-]{subsection.A.3.1}{\376\377\000M\000u\000l\000t\000i\000l\000a\000y\000e\000r\000\040\000P\000e\000r\000c\000e\000p\000t\000r\000o\000n\000\040\000\050\000M\000L\000P\000\051}{section.A.3}% 77
\BOOKMARK [1][-]{section.A.4}{\376\377\000S\000t\000r\000u\000c\000t\000u\000r\000a\000l\000\040\000C\000o\000n\000n\000e\000c\000t\000i\000v\000i\000t\000y\000\040\000N\000e\000t\000w\000o\000r\000k\000s}{appendix.A}% 78
\BOOKMARK [2][-]{subsection.A.4.1}{\376\377\000B\000r\000a\000i\000n\000\040\000C\000o\000n\000n\000e\000c\000t\000i\000v\000i\000t\000y\000\040\000C\000r\000e\000a\000t\000i\000o\000n\000\040\000P\000i\000p\000e\000l\000i\000n\000e}{section.A.4}% 79
